<?xml version="1.0" encoding="UTF-8"?>
<testng-results ignored="0" total="1" passed="1" failed="0" skipped="0">
  <reporter-output>
  </reporter-output>
  <suite started-at="2022-12-10T09:10:44 IST" name="Suite" finished-at="2022-12-10T09:11:04 IST" duration-ms="20262">
    <groups>
    </groups>
    <test started-at="2022-12-10T09:10:44 IST" name="Test" finished-at="2022-12-10T09:11:04 IST" duration-ms="20262">
      <class name="com.qa.testscripts.TC_AmazonSearch_001">
        <test-method is-config="true" signature="setup(java.lang.String,java.lang.String)[pri:0, instance:com.qa.testscripts.TC_AmazonSearch_001@1e683a3e]" started-at="2022-12-10T09:10:44 IST" name="setup" finished-at="2022-12-10T09:10:53 IST" duration-ms="8995" status="PASS">
          <params>
            <param index="0">
              <value>
                <![CDATA[Chrome]]>
              </value>
            </param>
            <param index="1">
              <value>
                <![CDATA[https://www.amazon.in]]>
              </value>
            </param>
          </params>
          <reporter-output>
          </reporter-output>
        </test-method> <!-- setup -->
        <test-method signature="search()[pri:0, instance:com.qa.testscripts.TC_AmazonSearch_001@1e683a3e]" started-at="2022-12-10T09:10:53 IST" name="search" finished-at="2022-12-10T09:11:04 IST" duration-ms="11229" status="PASS">
          <reporter-output>
          </reporter-output>
        </test-method> <!-- search -->
      </class> <!-- com.qa.testscripts.TC_AmazonSearch_001 -->
    </test> <!-- Test -->
  </suite> <!-- Suite -->
</testng-results>
